#-----------------------------------------------------------
# Vivado v2022.2 (64-bit)
# SW Build 3671981 on Fri Oct 14 05:00:03 MDT 2022
# IP Build 3669848 on Fri Oct 14 08:30:02 MDT 2022
# Start of session at: Tue May  9 07:50:37 2023
# Process ID: 18884
# Current directory: C:/Users/paw/Desktop/Alle semestre/P4/FPGAStateMachineProject
# Command line: vivado.exe -gui_launcher_event rodinguilauncherevent8436 C:\Users\paw\Desktop\Alle semestre\P4\FPGAStateMachineProject\FPGAStateMachineProject.xpr
# Log file: C:/Users/paw/Desktop/Alle semestre/P4/FPGAStateMachineProject/vivado.log
# Journal file: C:/Users/paw/Desktop/Alle semestre/P4/FPGAStateMachineProject\vivado.jou
# Running On: LAPTOP-5FSB23OP, OS: Windows, CPU Frequency: 2419 MHz, CPU Physical cores: 4, Host memory: 16969 MB
#-----------------------------------------------------------
start_gui
open_project {C:/Users/paw/Desktop/Alle semestre/P4/FPGAStateMachineProject/FPGAStateMachineProject.xpr}
WARNING: [Board 49-26] cannot add Board Part xilinx.com:vek280_es:part0:1.0 available at C:/Xilinx/Vivado/2022.2/data/xhub/boards/XilinxBoardStore/boards/Xilinx/vek280/es/1.0/board.xml as part xcve2802-vsvh1760-2lp-e-s-es1 specified in board_part file is either invalid or not available
WARNING: [Board 49-26] cannot add Board Part xilinx.com:vhk158_es:part0:1.0 available at C:/Xilinx/Vivado/2022.2/data/xhub/boards/XilinxBoardStore/boards/Xilinx/vhk158/es/1.0/board.xml as part xcvh1582-vsva3697-2mp-e-s-es1 specified in board_part file is either invalid or not available
WARNING: [Board 49-26] cannot add Board Part xilinx.com:vpk120_es:part0:1.2 available at C:/Xilinx/Vivado/2022.2/data/xhub/boards/XilinxBoardStore/boards/Xilinx/vpk120/es/1.2/board.xml as part xcvp1202-vsva2785-2mp-e-s-es1 specified in board_part file is either invalid or not available
WARNING: [Board 49-26] cannot add Board Part xilinx.com:vpk120_es_revb:part0:1.0 available at C:/Xilinx/Vivado/2022.2/data/xhub/boards/XilinxBoardStore/boards/Xilinx/vpk120_revb/es/1.0/board.xml as part xcvp1202-vsva2785-2mp-e-s-es1 specified in board_part file is either invalid or not available
WARNING: [Board 49-26] cannot add Board Part xilinx.com:vpk180_es:part0:1.0 available at C:/Xilinx/Vivado/2022.2/data/xhub/boards/XilinxBoardStore/boards/Xilinx/vpk180/es/1.0/board.xml as part xcvp1802-lsvc4072-2mp-e-s-es1 specified in board_part file is either invalid or not available
WARNING: [Board 49-26] cannot add Board Part xilinx.com:zcu208ld:part0:2.0 available at C:/Xilinx/Vivado/2022.2/data/xhub/boards/XilinxBoardStore/boards/Xilinx/zcu208ld/production/2.0/board.xml as part xczu58dr-fsvg1517-2-i specified in board_part file is either invalid or not available
WARNING: [Board 49-26] cannot add Board Part xilinx.com:zcu216ld:part0:2.0 available at C:/Xilinx/Vivado/2022.2/data/xhub/boards/XilinxBoardStore/boards/Xilinx/zcu216ld/production/2.0/board.xml as part xczu59dr-ffvf1760-2-i specified in board_part file is either invalid or not available
WARNING: [Board 49-26] cannot add Board Part xilinx.com:zcu670:part0:2.0 available at C:/Xilinx/Vivado/2022.2/data/xhub/boards/XilinxBoardStore/boards/Xilinx/zcu670/2.0/board.xml as part xczu67dr-fsve1156-2-i specified in board_part file is either invalid or not available
WARNING: [Board 49-26] cannot add Board Part xilinx.com:zcu670ld:part0:1.0 available at C:/Xilinx/Vivado/2022.2/data/xhub/boards/XilinxBoardStore/boards/Xilinx/zcu670ld/1.0/board.xml as part xczu57dr-fsve1156-2-i specified in board_part file is either invalid or not available
INFO: [filemgmt 56-3] Default IP Output Path : Could not find the directory 'C:/Users/paw/Desktop/Alle semestre/P4/FPGAStateMachineProject/FPGAStateMachineProject.gen/sources_1'.
Scanning sources...
Finished scanning sources
INFO: [IP_Flow 19-234] Refreshing IP repositories
INFO: [IP_Flow 19-1704] No user IP repositories specified
INFO: [IP_Flow 19-2313] Loaded Vivado IP repository 'C:/Xilinx/Vivado/2022.2/data/ip'.
open_project: Time (s): cpu = 00:00:09 ; elapsed = 00:00:10 . Memory (MB): peak = 1752.055 ; gain = 344.820
update_compile_order -fileset sources_1
reset_run synth_1
INFO: [Project 1-1161] Replacing file C:/Users/paw/Desktop/Alle semestre/P4/FPGAStateMachineProject/FPGAStateMachineProject.srcs/utils_1/imports/synth_1/StateMachine.dcp with file C:/Users/paw/Desktop/Alle semestre/P4/FPGAStateMachineProject/FPGAStateMachineProject.runs/synth_1/StateMachine.dcp
launch_runs impl_1
[Tue May  9 07:57:55 2023] Launched synth_1...
Run output will be captured here: C:/Users/paw/Desktop/Alle semestre/P4/FPGAStateMachineProject/FPGAStateMachineProject.runs/synth_1/runme.log
[Tue May  9 07:57:55 2023] Launched impl_1...
Run output will be captured here: C:/Users/paw/Desktop/Alle semestre/P4/FPGAStateMachineProject/FPGAStateMachineProject.runs/impl_1/runme.log
launch_runs impl_1 -to_step write_bitstream
[Tue May  9 08:11:46 2023] Launched impl_1...
Run output will be captured here: C:/Users/paw/Desktop/Alle semestre/P4/FPGAStateMachineProject/FPGAStateMachineProject.runs/impl_1/runme.log
open_run impl_1
INFO: [Device 21-403] Loading part xc7a35tcpg236-1
Netlist sorting complete. Time (s): cpu = 00:00:00 ; elapsed = 00:00:00.028 . Memory (MB): peak = 2110.281 ; gain = 0.000
INFO: [Netlist 29-17] Analyzing 215 Unisim elements for replacement
INFO: [Netlist 29-28] Unisim Transformation completed in 0 CPU seconds
WARNING: [Netlist 29-101] Netlist 'StateMachine' is not ideal for floorplanning, since the cellview 'StateMachine' contains a large number of primitives.  Please consider enabling hierarchy in synthesis if you want to do floorplanning.
INFO: [Project 1-479] Netlist was created with Vivado 2022.2
INFO: [Project 1-570] Preparing netlist for logic optimization
INFO: [Timing 38-478] Restoring timing data from binary archive.
INFO: [Timing 38-479] Binary timing data restore complete.
INFO: [Project 1-856] Restoring constraints from binary archive.
INFO: [Project 1-853] Binary constraint restore complete.
Reading XDEF placement.
Reading placer database...
Reading XDEF routing.
Read XDEF Files: Time (s): cpu = 00:00:01 ; elapsed = 00:00:00.193 . Memory (MB): peak = 2795.691 ; gain = 0.000
Restored from archive | CPU: 1.000000 secs | Memory: 0.000000 MB |
Finished XDEF File Restore: Time (s): cpu = 00:00:01 ; elapsed = 00:00:00.193 . Memory (MB): peak = 2795.691 ; gain = 0.000
Netlist sorting complete. Time (s): cpu = 00:00:00 ; elapsed = 00:00:00.002 . Memory (MB): peak = 2795.691 ; gain = 0.000
INFO: [Project 1-111] Unisim Transformation Summary:
No Unisim elements were transformed.

open_run: Time (s): cpu = 00:00:15 ; elapsed = 00:00:16 . Memory (MB): peak = 2918.578 ; gain = 1133.637
WARNING: [Timing 38-313] There are no user specified timing constraints. Timing constraints are needed for proper timing analysis.
open_hw_manager
connect_hw_server -allow_non_jtag
INFO: [Labtools 27-2285] Connecting to hw_server url TCP:localhost:3121
INFO: [Labtools 27-2222] Launching hw_server...
INFO: [Labtools 27-2221] Launch Output:

****** Xilinx hw_server v2022.2
  **** Build date : Oct 14 2022 at 05:18:10
    ** Copyright 1986-2022 Xilinx, Inc. All Rights Reserved.


INFO: [Labtools 27-3415] Connecting to cs_server url TCP:localhost:0
INFO: [Labtools 27-3417] Launching cs_server...
INFO: [Labtools 27-2221] Launch Output:


******** Xilinx cs_server v2022.2.0
  ****** Build date   : Oct 05 2022-01:25:37
    **** Build number : 2022.2.1664925937
      ** Copyright 2017-2023 Xilinx, Inc. All Rights Reserved.



open_hw_target
INFO: [Labtoolstcl 44-466] Opening hw_target localhost:3121/xilinx_tcf/Digilent/210328B792D0A
open_hw_target: Time (s): cpu = 00:00:05 ; elapsed = 00:00:06 . Memory (MB): peak = 5154.895 ; gain = 2126.324
set_property PROGRAM.FILE {C:/Users/paw/Desktop/Alle semestre/P4/FPGAStateMachineProject/FPGAStateMachineProject.runs/impl_1/StateMachine.bit} [get_hw_devices xc7a35t_0]
current_hw_device [get_hw_devices xc7a35t_0]
refresh_hw_device -update_hw_probes false [lindex [get_hw_devices xc7a35t_0] 0]
INFO: [Labtools 27-1434] Device xc7a35t (JTAG device index = 0) is programmed with a design that has no supported debug core(s) in it.
set_property PROBES.FILE {} [get_hw_devices xc7a35t_0]
set_property FULL_PROBES.FILE {} [get_hw_devices xc7a35t_0]
set_property PROGRAM.FILE {C:/Users/paw/Desktop/Alle semestre/P4/FPGAStateMachineProject/FPGAStateMachineProject.runs/impl_1/StateMachine.bit} [get_hw_devices xc7a35t_0]
program_hw_devices [get_hw_devices xc7a35t_0]
INFO: [Labtools 27-3164] End of startup status: HIGH
refresh_hw_device [lindex [get_hw_devices xc7a35t_0] 0]
INFO: [Labtools 27-1434] Device xc7a35t (JTAG device index = 0) is programmed with a design that has no supported debug core(s) in it.
ERROR: [Labtoolstcl 44-513] HW Target shutdown. Closing target: localhost:3121/xilinx_tcf/Digilent/210328B792D0A
INFO: [Labtoolstcl 44-466] Opening hw_target localhost:3121/xilinx_tcf/Digilent/210328B792D0A
INFO: [Labtools 27-1434] Device xc7a35t (JTAG device index = 0) is programmed with a design that has no supported debug core(s) in it.
WARNING: [Labtoolstcl 44-129] No matching hw_ila_data was found.
set_property PROBES.FILE {} [get_hw_devices xc7a35t_0]
set_property FULL_PROBES.FILE {} [get_hw_devices xc7a35t_0]
set_property PROGRAM.FILE {C:/Users/paw/Desktop/Alle semestre/P4/FPGAStateMachineProject/FPGAStateMachineProject.runs/impl_1/StateMachine.bit} [get_hw_devices xc7a35t_0]
program_hw_devices [get_hw_devices xc7a35t_0]
INFO: [Labtools 27-3164] End of startup status: HIGH
refresh_hw_device [lindex [get_hw_devices xc7a35t_0] 0]
INFO: [Labtools 27-1434] Device xc7a35t (JTAG device index = 0) is programmed with a design that has no supported debug core(s) in it.
reset_run synth_1
INFO: [Project 1-1161] Replacing file C:/Users/paw/Desktop/Alle semestre/P4/FPGAStateMachineProject/FPGAStateMachineProject.srcs/utils_1/imports/synth_1/StateMachine.dcp with file C:/Users/paw/Desktop/Alle semestre/P4/FPGAStateMachineProject/FPGAStateMachineProject.runs/synth_1/StateMachine.dcp
launch_runs impl_1 -to_step write_bitstream
[Tue May  9 09:03:48 2023] Launched synth_1...
Run output will be captured here: C:/Users/paw/Desktop/Alle semestre/P4/FPGAStateMachineProject/FPGAStateMachineProject.runs/synth_1/runme.log
[Tue May  9 09:03:48 2023] Launched impl_1...
Run output will be captured here: C:/Users/paw/Desktop/Alle semestre/P4/FPGAStateMachineProject/FPGAStateMachineProject.runs/impl_1/runme.log
set_property PROBES.FILE {} [get_hw_devices xc7a35t_0]
set_property FULL_PROBES.FILE {} [get_hw_devices xc7a35t_0]
set_property PROGRAM.FILE {C:/Users/paw/Desktop/Alle semestre/P4/FPGAStateMachineProject/FPGAStateMachineProject.runs/impl_1/StateMachine.bit} [get_hw_devices xc7a35t_0]
program_hw_devices [get_hw_devices xc7a35t_0]
INFO: [Labtools 27-3164] End of startup status: HIGH
refresh_hw_device [lindex [get_hw_devices xc7a35t_0] 0]
INFO: [Labtools 27-1434] Device xc7a35t (JTAG device index = 0) is programmed with a design that has no supported debug core(s) in it.
reset_run synth_1
INFO: [Project 1-1161] Replacing file C:/Users/paw/Desktop/Alle semestre/P4/FPGAStateMachineProject/FPGAStateMachineProject.srcs/utils_1/imports/synth_1/StateMachine.dcp with file C:/Users/paw/Desktop/Alle semestre/P4/FPGAStateMachineProject/FPGAStateMachineProject.runs/synth_1/StateMachine.dcp
launch_runs impl_1 -to_step write_bitstream
[Tue May  9 09:15:44 2023] Launched synth_1...
Run output will be captured here: C:/Users/paw/Desktop/Alle semestre/P4/FPGAStateMachineProject/FPGAStateMachineProject.runs/synth_1/runme.log
[Tue May  9 09:15:44 2023] Launched impl_1...
Run output will be captured here: C:/Users/paw/Desktop/Alle semestre/P4/FPGAStateMachineProject/FPGAStateMachineProject.runs/impl_1/runme.log
ERROR: [Labtoolstcl 44-513] HW Target shutdown. Closing target: localhost:3121/xilinx_tcf/Digilent/210328B792D0A
INFO: [Labtoolstcl 44-466] Opening hw_target localhost:3121/xilinx_tcf/Digilent/210328B792D0A
INFO: [Labtools 27-1434] Device xc7a35t (JTAG device index = 0) is programmed with a design that has no supported debug core(s) in it.
WARNING: [Labtoolstcl 44-129] No matching hw_ila_data was found.
refresh_hw_device [lindex [get_hw_devices xc7a35t_0] 0]
INFO: [Labtools 27-1434] Device xc7a35t (JTAG device index = 0) is programmed with a design that has no supported debug core(s) in it.
reset_run synth_1
launch_runs synth_1
[Tue May  9 09:31:33 2023] Launched synth_1...
Run output will be captured here: C:/Users/paw/Desktop/Alle semestre/P4/FPGAStateMachineProject/FPGAStateMachineProject.runs/synth_1/runme.log
reset_run synth_1
WARNING: [Vivado 12-1017] Problems encountered:
1. Failed to delete one or more files in run directory C:/Users/paw/Desktop/Alle semestre/P4/FPGAStateMachineProject/FPGAStateMachineProject.runs/synth_1

exit
INFO: [Common 17-206] Exiting Vivado at Tue May  9 09:48:33 2023...
